<?xml version="1.0" encoding="utf-8"?><testsuites name="pytest tests"><testsuite name="pytest" errors="0" failures="0" skipped="0" tests="9" time="6.668" timestamp="2026-04-27T18:38:08.513448+00:00" hostname="agent-env-553a9e6d-9979-492e-b4a5-ec41168ef49d"><testcase classname="backend.tests.test_hultech_api" name="test_root_ok" time="1.183" /><testcase classname="backend.tests.test_hultech_api" name="test_health_email_disabled" time="0.657" /><testcase classname="backend.tests.test_hultech_api" name="test_contact_post_minimum" time="0.656" /><testcase classname="backend.tests.test_hultech_api" name="test_contact_post_with_valid_email" time="0.682" /><testcase classname="backend.tests.test_hultech_api" name="test_contact_post_invalid_email" time="0.679" /><testcase classname="backend.tests.test_hultech_api" name="test_contact_post_missing_name" time="0.675" /><testcase classname="backend.tests.test_hultech_api" name="test_contact_post_missing_message" time="0.672" /><testcase classname="backend.tests.test_hultech_api" name="test_contact_post_empty_strings" time="0.672" /><testcase classname="backend.tests.test_hultech_api" name="test_contact_list" time="0.717" /></testsuite></testsuites>